C:\Users\USER\Documents\SOH\IPD-MEP\IPD\Power Layout Drawings\EP-110-01\CAD\EP-110-01.dwg,EP-110,03/19/2024 14:23:59,USER,_AutoCAD PDF (General Documentation).pc3,ISO expand A0 (841.00 x 1189.00 MM),1:1,
C:\Users\USER\Documents\SOH\IPD-MEP\IPD\Power Layout Drawings\EP-110-01\CAD\EP-110-01.dwg,EP-111,03/19/2024 14:24:06,USER,_AutoCAD PDF (General Documentation).pc3,ISO expand A0 (841.00 x 1189.00 MM),1:1,
C:\Users\USER\Documents\SOH\IPD-MEP\IPD\Power Layout Drawings\EP-110-01\CAD\EP-110-01.dwg,EP-112,03/19/2024 14:24:11,USER,_AutoCAD PDF (General Documentation).pc3,ISO expand A0 (841.00 x 1189.00 MM),1:1,
C:\Users\USER\Documents\SOH\IPD-MEP\IPD\Power Layout Drawings\EP-110-01\CAD\EP-110-01.dwg,EP-113,03/19/2024 14:24:16,USER,_AutoCAD PDF (General Documentation).pc3,ISO expand A0 (841.00 x 1189.00 MM),1:1,
C:\Users\USER\Documents\SOH\IPD-MEP\IPD\Power Layout Drawings\EP-120-00\CAD\EP-120-00.dwg,EP-120,03/19/2024 14:36:54,USER,_AutoCAD PDF (General Documentation).pc3,ISO expand A0 (841.00 x 1189.00 MM),1:1,
C:\Users\USER\Documents\SOH\IPD-MEP\IPD\Radiology\GE-100-02_RADIOLOGY EQUIPMENT IMPOSED ON IPD LAYOUT.dwg,GE EQUIP - GF,03/19/2024 14:43:35,USER,_AutoCAD PDF (General Documentation).pc3,ISO expand A0 (841.00 x 1189.00 MM),1:1,
C:\Users\USER\Documents\SOH\IPD-MEP\IPD\Radiology\GE-100-02_RADIOLOGY EQUIPMENT IMPOSED ON IPD LAYOUT.dwg,MAMMO,03/19/2024 14:43:42,USER,_AutoCAD PDF (General Documentation).pc3,ISO expand A0 (841.00 x 1189.00 MM),1:1,
C:\Users\USER\Documents\SOH\IPD-MEP\IPD\Radiology\GE-100-02_RADIOLOGY EQUIPMENT IMPOSED ON IPD LAYOUT.dwg,CT SCAN,03/19/2024 14:43:47,USER,_AutoCAD PDF (General Documentation).pc3,ISO expand A0 (841.00 x 1189.00 MM),1:1,
C:\Users\USER\Documents\SOH\IPD-MEP\IPD\Radiology\GE-100-02_RADIOLOGY EQUIPMENT IMPOSED ON IPD LAYOUT.dwg,X-RAY,03/19/2024 14:43:52,USER,_AutoCAD PDF (General Documentation).pc3,ISO expand A0 (841.00 x 1189.00 MM),1:1,
C:\Users\USER\Documents\SOH\IPD-MEP\IPD\Radiology\GE-100-02_RADIOLOGY EQUIPMENT IMPOSED ON IPD LAYOUT.dwg,MRI SCAN,03/19/2024 14:43:57,USER,_AutoCAD PDF (General Documentation).pc3,ISO expand A0 (841.00 x 1189.00 MM),1:1,
C:\Users\USER\Documents\SOH\IPD-MEP\main drawings\Drainage Layout Drawings\PD-100_04\CAD\PD-100_04- Drainage Layout Drawing (GF).dwg,PD-100_03,03/19/2024 14:55:37,USER,_AutoCAD PDF (General Documentation).pc3,ISO expand A0 (841.00 x 1189.00 MM),1:1,
C:\Users\USER\Documents\SOH\IPD-MEP\main drawings\Drainage Layout Drawings\PD-100_04\CAD\PD-100_04- Drainage Layout Drawing (GF).dwg,PD-110_03,03/19/2024 14:55:52,USER,_AutoCAD PDF (General Documentation).pc3,ISO expand A0 (841.00 x 1189.00 MM),1:1,
C:\Users\USER\Documents\SOH\IPD-MEP\main drawings\Drainage Layout Drawings\PD-100_04\CAD\PD-100_04- Drainage Layout Drawing (GF).dwg,PD-120_03,03/19/2024 14:56:02,USER,_AutoCAD PDF (General Documentation).pc3,ISO expand A0 (841.00 x 1189.00 MM),1:1,
C:\Users\USER\Documents\SOH\IPD-MEP\main drawings\Drainage Layout Drawings\PD-100_04\CAD\PD-100_04- Drainage Layout Drawing (GF).dwg,PD-130_03,03/19/2024 14:56:12,USER,_AutoCAD PDF (General Documentation).pc3,ISO expand A0 (841.00 x 1189.00 MM),1:1,
C:\Users\USER\Documents\SOH\IPD-MEP\main drawings\Drainage Layout Drawings\PD-101_02\CAD\PD-101_02.dwg,PD-101_02,03/19/2024 15:01:46,USER,_AutoCAD PDF (General Documentation).pc3,ISO expand A0 (841.00 x 1189.00 MM),1:1,
C:\Users\USER\Documents\SOH\IPD-MEP\main drawings\Drainage Layout Drawings\PD-101_02\CAD\PD-101_02.dwg,PD-111_02,03/19/2024 15:01:56,USER,_AutoCAD PDF (General Documentation).pc3,ISO expand A0 (841.00 x 1189.00 MM),1:1,
C:\Users\USER\Documents\SOH\IPD-MEP\main drawings\Drainage Layout Drawings\PD-101_02\CAD\PD-101_02.dwg,PD-121_01,03/19/2024 15:02:06,USER,_AutoCAD PDF (General Documentation).pc3,ISO expand A0 (841.00 x 1189.00 MM),1:1,
C:\Users\USER\Documents\SOH\IPD-MEP\main drawings\Drainage Layout Drawings\PD-101_02\CAD\PD-101_02.dwg,PD-131_02,03/19/2024 15:02:16,USER,_AutoCAD PDF (General Documentation).pc3,ISO expand A0 (841.00 x 1189.00 MM),1:1,
C:\Users\USER\Documents\SOH\IPD-MEP\main drawings\Drainage Layout Drawings\PD-102_00\CAD\PD-102_00- Drainage Layout Drawing (F2).dwg,PD-102_01,03/19/2024 15:07:11,USER,_AutoCAD PDF (General Documentation).pc3,ISO expand A0 (841.00 x 1189.00 MM),1:1,
C:\Users\USER\Documents\SOH\IPD-MEP\main drawings\Drainage Layout Drawings\PD-102_00\CAD\PD-102_00- Drainage Layout Drawing (F2).dwg,PD-112_01,03/19/2024 15:07:14,USER,_AutoCAD PDF (General Documentation).pc3,ISO expand A0 (841.00 x 1189.00 MM),1:1,
C:\Users\USER\Documents\SOH\IPD-MEP\main drawings\Drainage Layout Drawings\PD-103_00\CAD\PD-103_00.dwg,PD-103_00,03/19/2024 15:12:25,USER,_AutoCAD PDF (General Documentation).pc3,ISO expand A0 (841.00 x 1189.00 MM),1:1,
C:\Users\USER\Documents\SOH\IPD-MEP\main drawings\Water Supply Layout Drawings\PW-100-04\CAD\PW-100_04 Water Supply Layout (GF).dwg,PW-100_04,03/19/2024 15:19:25,USER,_AutoCAD PDF (General Documentation).pc3,ISO expand A0 (841.00 x 1189.00 MM),1:1,
C:\Users\USER\Documents\SOH\IPD-MEP\main drawings\Water Supply Layout Drawings\PW-100-04\CAD\PW-100_04 Water Supply Layout (GF).dwg,PW-110_04,03/19/2024 15:19:35,USER,_AutoCAD PDF (General Documentation).pc3,ISO expand A0 (841.00 x 1189.00 MM),1:1,
C:\Users\USER\Documents\SOH\IPD-MEP\main drawings\Water Supply Layout Drawings\PW-100-04\CAD\PW-100_04 Water Supply Layout (GF).dwg,PW-120_04,03/19/2024 15:19:45,USER,_AutoCAD PDF (General Documentation).pc3,ISO expand A0 (841.00 x 1189.00 MM),1:1,
C:\Users\USER\Documents\SOH\IPD-MEP\main drawings\Water Supply Layout Drawings\PW-100-04\CAD\PW-100_04 Water Supply Layout (GF).dwg,PW-130_04,03/19/2024 15:28:31,USER,_AutoCAD PDF (General Documentation).pc3,ISO expand A0 (841.00 x 1189.00 MM),1:1,
C:\Users\USER\Documents\SOH\IPD-MEP\main drawings\Water Supply Layout Drawings\PW-101-02\CAD\PW-101_02 Water Supply Layout (F1).dwg,PW-101_02,03/19/2024 15:31:23,USER,_AutoCAD PDF (General Documentation).pc3,ISO expand A0 (841.00 x 1189.00 MM),1:1,
C:\Users\USER\Documents\SOH\IPD-MEP\main drawings\Water Supply Layout Drawings\PW-101-02\CAD\PW-101_02 Water Supply Layout (F1).dwg,PW-111_02,03/19/2024 15:31:35,USER,_AutoCAD PDF (General Documentation).pc3,ISO expand A0 (841.00 x 1189.00 MM),1:1,
C:\Users\USER\Documents\SOH\IPD-MEP\main drawings\Water Supply Layout Drawings\PW-101-02\CAD\PW-101_02 Water Supply Layout (F1).dwg,PW-121_01,03/19/2024 15:31:45,USER,_AutoCAD PDF (General Documentation).pc3,ISO expand A0 (841.00 x 1189.00 MM),1:1,
C:\Users\USER\Documents\SOH\IPD-MEP\main drawings\Water Supply Layout Drawings\PW-101-02\CAD\PW-101_02 Water Supply Layout (F1).dwg,PW-131_02,03/19/2024 15:31:55,USER,_AutoCAD PDF (General Documentation).pc3,ISO expand A0 (841.00 x 1189.00 MM),1:1,
C:\Users\USER\Documents\SOH\IPD-MEP\main drawings\Water Supply Layout Drawings\PW-102-01\CAD\PW-102_01 Water Supply Layout (F2).dwg,PW-102,03/19/2024 15:34:24,USER,_AutoCAD PDF (General Documentation).pc3,ISO expand A0 (841.00 x 1189.00 MM),1:1,
C:\Users\USER\Documents\SOH\IPD-MEP\main drawings\Water Supply Layout Drawings\PW-102-01\CAD\PW-102_01 Water Supply Layout (F2).dwg,PW-112,03/19/2024 15:34:27,USER,_AutoCAD PDF (General Documentation).pc3,ISO expand A0 (841.00 x 1189.00 MM),1:1,
C:\Users\USER\Documents\SOH\IPD-MEP\main drawings\HVAC Layout Drawings\MH-100_04\CAD\MH-100_04 HVAC Ducting Layout (GF).dwg,MH-100_03,03/19/2024 15:42:57,USER,_AutoCAD PDF (General Documentation).pc3,ISO expand A0 (841.00 x 1189.00 MM),1:1,
C:\Users\USER\Documents\SOH\IPD-MEP\main drawings\HVAC Layout Drawings\MH-100_04\CAD\MH-100_04 HVAC Ducting Layout (GF).dwg,MH-110_03,03/19/2024 15:43:12,USER,_AutoCAD PDF (General Documentation).pc3,ISO expand A0 (841.00 x 1189.00 MM),1:1,
C:\Users\USER\Documents\SOH\IPD-MEP\main drawings\HVAC Layout Drawings\MH-100_04\CAD\MH-100_04 HVAC Ducting Layout (GF).dwg,MH-120_03,03/19/2024 15:43:22,USER,_AutoCAD PDF (General Documentation).pc3,ISO expand A0 (841.00 x 1189.00 MM),1:1,
C:\Users\USER\Documents\SOH\IPD-MEP\main drawings\HVAC Layout Drawings\MH-100_04\CAD\MH-100_04 HVAC Ducting Layout (GF).dwg,MH-130_03,03/19/2024 15:43:32,USER,_AutoCAD PDF (General Documentation).pc3,ISO expand A0 (841.00 x 1189.00 MM),1:1,
C:\Users\USER\Documents\SOH\IPD-MEP\main drawings\HVAC Layout Drawings\MH-101_02\CAD\MH-101_02 HVAC Ducting Layout (F1).dwg,MH-101_02,03/19/2024 15:48:49,USER,_AutoCAD PDF (General Documentation).pc3,ISO expand A0 (841.00 x 1189.00 MM),1:1,
C:\Users\USER\Documents\SOH\IPD-MEP\main drawings\HVAC Layout Drawings\MH-101_02\CAD\MH-101_02 HVAC Ducting Layout (F1).dwg,MH-111_02,03/19/2024 15:49:00,USER,_AutoCAD PDF (General Documentation).pc3,ISO expand A0 (841.00 x 1189.00 MM),1:1,
C:\Users\USER\Documents\SOH\IPD-MEP\main drawings\HVAC Layout Drawings\MH-101_02\CAD\MH-101_02 HVAC Ducting Layout (F1).dwg,MH-121_01,03/19/2024 15:49:10,USER,_AutoCAD PDF (General Documentation).pc3,ISO expand A0 (841.00 x 1189.00 MM),1:1,
C:\Users\USER\Documents\SOH\IPD-MEP\main drawings\HVAC Layout Drawings\MH-101_02\CAD\MH-101_02 HVAC Ducting Layout (F1).dwg,MH-131_02,03/19/2024 15:49:20,USER,_AutoCAD PDF (General Documentation).pc3,ISO expand A0 (841.00 x 1189.00 MM),1:1,
C:\Users\USER\Documents\SOH\IPD-MEP\main drawings\HVAC Layout Drawings\MH-102_01\CAD\MH-102_01 HVAC Ducting Layout (F2).dwg,MH-102_01,03/19/2024 15:52:29,USER,_AutoCAD PDF (General Documentation).pc3,ISO expand A0 (841.00 x 1189.00 MM),1:1,
C:\Users\USER\Documents\SOH\IPD-MEP\main drawings\HVAC Layout Drawings\MH-102_01\CAD\MH-102_01 HVAC Ducting Layout (F2).dwg,MH-112_01,03/19/2024 15:52:31,USER,_AutoCAD PDF (General Documentation).pc3,ISO expand A0 (841.00 x 1189.00 MM),1:1,
C:\Users\USER\Documents\SOH\IPD-MEP\main drawings\HVAC Layout Drawings\MH-102_01\CAD\MH-102_01 HVAC Ducting Layout (F2).dwg,MH-122_01,03/19/2024 15:52:36,USER,_AutoCAD PDF (General Documentation).pc3,ISO expand A0 (841.00 x 1189.00 MM),1:1,
